25-05-30 08:08:45.626 : Model path: model_zoo\scunet_color_real_psnr.pth
25-05-30 08:08:45.627 : Params number: 17946072
25-05-30 08:08:45.627 : model_name:scunet_color_real_psnr
25-05-30 08:08:45.627 : C:/Users/cactu/PROJETOS/python/LINT-projeto/Projeto-LINT/script/downgrade/noisy
25-05-30 08:08:45.629 :          #Params : 17.9461 [M]
25-05-30 08:08:45.629 : ---1--> 2nd_camera_online_for_the_Long_Incident_Fire_seen_from_Bald_Mt_at_842_AM_FR-1240_noisy.jpg
25-05-30 08:09:21.247 : ---2--> 2nd_camera_online_for_the_Long_Incident_Fire_seen_from_Bald_Mt_at_842_AM_FR-1344_noisy.jpg
25-05-30 08:09:56.701 : ---3--> 2nd_camera_online_for_the_Long_Incident_Fire_seen_from_Bald_Mt_at_842_AM_FR-1400_noisy.jpg
25-05-30 08:10:32.174 : ---4--> 2nd_camera_online_for_the_Long_Incident_Fire_seen_from_Bald_Mt_at_842_AM_FR-1456_noisy.jpg
25-05-30 08:11:07.611 : ---5--> 2nd_camera_views_Whites_Fire_from_McClellan_Peak_at_2_PM_FR-350_noisy.jpg
25-05-30 08:11:44.183 : ---6--> 2nd_camera_views_Whites_Fire_from_McClellan_Peak_at_2_PM_FR-375_noisy.jpg
25-05-30 08:12:20.370 : ---7--> 2nd_camera_views_Whites_Fire_from_McClellan_Peak_at_2_PM_FR-400_noisy.jpg
25-05-30 08:12:56.554 : ---8--> 2nd_camera_views_Whites_Fire_from_McClellan_Peak_at_2_PM_FR-450_noisy.jpg
25-05-30 08:13:32.729 : ---9--> 2nd_camera_views_Whites_Fire_from_McClellan_Peak_at_2_PM_FR-475_noisy.jpg
25-05-30 08:14:08.906 : --10--> 2nd_camera_views_Whites_Fire_from_McClellan_Peak_at_2_PM_FR-500_noisy.jpg
25-05-30 08:14:45.080 : --11--> 2nd_camera_views_Whites_Fire_from_McClellan_Peak_at_2_PM_FR-525_noisy.jpg
25-05-30 08:15:21.302 : --12--> 3_PM_Update_of_the_Preacher_Fire_from_Snow_Valley_Peak_FR-222_noisy.jpg
25-05-30 08:15:57.460 : --13--> 3_PM_Update_of_the_Preacher_Fire_from_Snow_Valley_Peak_FR-74_noisy.jpg
25-05-30 08:16:33.628 : --14--> A_fire_in_Nixon_Nevada_spied_upon_at_711_AM_from_Virginia_Peak_fire_camera_FR-296_noisy.jpg
25-05-30 08:17:09.803 : --15--> A_fire_in_Nixon_Nevada_spied_upon_at_711_AM_from_Virginia_Peak_fire_camera_FR-325_noisy.jpg
25-05-30 08:17:45.984 : --16--> A_fire_in_Nixon_Nevada_spied_upon_at_711_AM_from_Virginia_Peak_fire_camera_FR-350_noisy.jpg
25-05-30 08:18:22.157 : --17--> A_fire_in_Nixon_Nevada_spied_upon_at_711_AM_from_Virginia_Peak_fire_camera_FR-400_noisy.jpg
25-05-30 08:18:58.359 : --18--> A_fire_in_Nixon_Nevada_spied_upon_at_711_AM_from_Virginia_Peak_fire_camera_FR-425_noisy.jpg
25-05-30 08:19:34.523 : --19--> A_fire_in_Nixon_Nevada_spied_upon_at_711_AM_from_Virginia_Peak_fire_camera_FR-450_noisy.jpg
25-05-30 08:20:10.699 : --20--> A_fire_in_Nixon_Nevada_spied_upon_at_711_AM_from_Virginia_Peak_fire_camera_FR-500_noisy.jpg
25-05-30 08:20:46.848 : --21--> A_twofer_day_as_the_Ink_Fire_ignites_Atlas_227_PM_under_red_flag_conditions_FR-1400_noisy.jpg
25-05-30 08:21:22.988 : --22--> A_twofer_day_as_the_Ink_Fire_ignites_Atlas_227_PM_under_red_flag_conditions_FR-850_noisy.jpg
25-05-30 08:21:59.176 : --23--> A_view_from_Sierra_at_Tahoe_fire_camera_of_fire_near_Lodi_Ave_South_Lake_Tahoe_216_PM_FR-425_noisy.jpg
25-05-30 08:22:35.360 : --24--> A_view_from_Sierra_at_Tahoe_fire_camera_of_fire_near_Lodi_Ave_South_Lake_Tahoe_216_PM_FR-650_noisy.jpg
25-05-30 08:23:11.514 : --25--> A_view_of_the_Pyramid_Incident_fire_from_McClellan_Peak_FR-930_noisy.jpg
25-05-30 08:23:47.713 : --26--> An_Rx_L_and_real_R_wildfire_seen_from_Oakridge_fire_camera_at_11_AM_FR-400_noisy.jpg
25-05-30 08:24:23.900 : --27--> An_Rx_L_and_real_R_wildfire_seen_from_Oakridge_fire_camera_at_11_AM_FR-425_noisy.jpg
25-05-30 08:25:00.079 : --28--> An_Rx_L_and_real_R_wildfire_seen_from_Oakridge_fire_camera_at_11_AM_FR-475_noisy.jpg
25-05-30 08:25:36.257 : --29--> Angels_Roost_fire_camera_pans_to_fire_near_Lodi_Ave_near_215_PM_FR-500_noisy.jpg
25-05-30 08:26:12.489 : --30--> Angels_Roost_fire_camera_pans_to_fire_near_Lodi_Ave_near_215_PM_FR-600_noisy.jpg
25-05-30 08:26:48.643 : --31--> Angels_Roost_fire_camera_pans_to_fire_near_Lodi_Ave_near_215_PM_FR-750_noisy.jpg
25-05-30 08:27:24.848 : --32--> Angels_Roost_fire_camera_pans_to_fire_near_Lodi_Ave_near_215_PM_FR-775_noisy.jpg
25-05-30 08:28:01.030 : --33--> Another_North_Bay_fire_is_confirmed_from_the_Geyser_fire_cam_at_240_PM_FR-1098_noisy.jpg
25-05-30 08:28:37.197 : --34--> Another_North_Bay_fire_is_confirmed_from_the_Geyser_fire_cam_at_240_PM_FR-1220_noisy.jpg
25-05-30 08:29:13.373 : --35--> Bald_Mt_CA_fire_camera_confirms_fire_to_the_SW_at_11_33_AM_FR-900_noisy.jpg
25-05-30 08:29:49.565 : --36--> Big_Wash_Fire_confirmed_from_Virginia_fire_camera_at_123_PM_FR-750_noisy.jpg
25-05-30 08:30:25.735 : --37--> Brush_Fire_near_Caughlin_Ranch_at_11_AM_September_21st_2015_as_seen_from_the_NOAA_Fire_Camera_FR-600_noisy.jpg
25-05-30 08:31:01.907 : --38--> Brush_Fire_near_Caughlin_Ranch_at_11_AM_September_21st_2015_as_seen_from_the_NOAA_Fire_Camera_FR-725_noisy.jpg
25-05-30 08:31:38.066 : --39--> Brush_Fire_near_Caughlin_Ranch_at_11_AM_September_21st_2015_as_seen_from_the_NOAA_Fire_Camera_FR-775_noisy.jpg
25-05-30 08:32:14.276 : --40--> Brush_Fire_near_Caughlin_Ranch_at_11_AM_September_21st_2015_as_seen_from_the_NOAA_Fire_Camera_FR-800_noisy.jpg
25-05-30 08:32:50.445 : --41--> Brush_Fire_near_Caughlin_Ranch_at_11_AM_September_21st_2015_as_seen_from_the_NOAA_Fire_Camera_FR-825_noisy.jpg
25-05-30 08:33:26.623 : --42--> Brush_Fire_near_Caughlin_Ranch_at_11_AM_September_21st_2015_as_seen_from_the_NOAA_Fire_Camera_FR-875_noisy.jpg
25-05-30 08:34:02.812 : --43--> Brush_Fire_near_Caughlin_Ranch_at_11_AM_September_21st_2015_as_seen_from_the_NOAA_Fire_Camera_FR-900_noisy.jpg
25-05-30 08:34:38.958 : --44--> Brush_Fire_near_Caughlin_Ranch_at_11_AM_September_21st_2015_as_seen_from_the_NOAA_Fire_Camera_FR-930_noisy.jpg
25-05-30 08:35:15.125 : --45--> Farad_Fire_on_I-80_west_of_Reno_as_seen_from_Peavine_Hour_1_FR-111_noisy.jpg
25-05-30 08:35:51.299 : --46--> Farad_Fire_on_I-80_west_of_Reno_as_seen_from_Peavine_Hour_1_FR-148_noisy.jpg
25-05-30 08:36:27.470 : --47--> Farad_Fire_on_I-80_west_of_Reno_as_seen_from_Peavine_Hour_1_FR-185_noisy.jpg
25-05-30 08:37:03.638 : --48--> Farad_Fire_on_I-80_west_of_Reno_as_seen_from_Peavine_Hour_1_FR-625_noisy.jpg
25-05-30 08:37:39.840 : --49--> Fire_seen_erupting_off_of_Kingsbury_Grade_from_Sierra_at_Tahoe_2_PM_FR-1116_noisy.jpg
25-05-30 08:38:16.041 : --50--> Fire_seen_erupting_off_of_Kingsbury_Grade_from_Sierra_at_Tahoe_2_PM_FR-1344_noisy.jpg
25-05-30 08:38:52.219 : --51--> Fort_Sage_camera_spins_toward_Ironwood_Fire_at_1033_AM_FR-912_noisy.jpg
25-05-30 08:39:28.400 : --52--> Fort_Sage_camera_spins_toward_Ironwood_Fire_at_10_33_AM_FR-860_noisy.jpg
25-05-30 08:40:04.571 : --53--> Fort_Sage_camera_spins_toward_Ironwood_Fire_at_10_33_AM_FR-912_noisy.jpg
25-05-30 08:40:40.760 : --54--> French_Fire_discovered_from_Babbitt_Peak_at_533_PM_FR-850_noisy.jpg
25-05-30 08:41:16.936 : --55--> French_Fire_discovered_from_Babbitt_Peak_at_533_PM_FR-930_noisy.jpg
25-05-30 08:41:53.109 : --56--> French_Fire_discovered_from_Babbitt_Peak_at_533_PM_FR-992_noisy.jpg
25-05-30 08:42:29.323 : --57--> Hemlock_Canyon_Fire_near_Cashill_Drive_Reno_seen_from_the_Peavine_fire_camera_at_730_PM_FR-775_noisy.jpg
25-05-30 08:43:05.506 : --58--> Homewood_pans_into_Round_Hill_to_provide_a_different_perspective_Noon_FR-800_noisy.jpg
25-05-30 08:43:41.687 : --59--> NOAA_fire_camera_spins_toward_the_I-80_Fire_at_350_PM_FR-1400_noisy.jpg
25-05-30 08:44:17.865 : --60--> Old_395_Fire_is_viewed_early_on_by_the_Slide_fire_camera_at_1138_AM_FR-1054_noisy.jpg
25-05-30 08:44:54.039 : --61--> Quick_confirmation_of_the_Sycamore_Fire_from_Box_Springs_Mt_camera_at_1236_PM_FR-1100_noisy.jpg
25-05-30 08:45:30.223 : --62--> Quick_confirmation_of_the_Sycamore_Fire_from_Box_Springs_Mt_camera_at_1236_PM_FR-1200_noisy.jpg
25-05-30 08:46:06.445 : --63--> Quick_confirmation_of_the_Sycamore_Fire_from_Box_Springs_Mt_camera_at_1236_PM_FR-1300_noisy.jpg
25-05-30 08:46:42.637 : --64--> Quick_confirmation_of_the_Sycamore_Fire_from_Box_Springs_Mt_camera_at_1236_PM_FR-1400_noisy.jpg
25-05-30 08:47:18.820 : --65--> Quick_confirmation_of_the_Sycamore_Fire_from_Box_Springs_Mt_camera_at_1236_PM_FR-920_noisy.jpg
25-05-30 08:47:55.012 : --66--> Quick_confirmation_of_the_Sycamore_Fire_from_Box_Springs_Mt_camera_at_1236_PM_FR-975_noisy.jpg
25-05-30 08:48:31.195 : --67--> Residential_Fire_Earth_Song_Ln_in_Georgetown_as_seen_from_Bald_Mt_CA_fire_camera_at_6_PM_FR-296_noisy.jpg
25-05-30 08:49:07.359 : --68--> Rx_burn_at_Marshall_Mine_as_seen_from_Bald_Mountain_CA_at_10_46_AM_FR-1116_noisy.jpg
25-05-30 08:49:43.562 : --69--> Rx_burn_at_Marshall_Mine_as_seen_from_Bald_Mountain_CA_at_10_46_AM_FR-1240_noisy.jpg
25-05-30 08:50:19.768 : --70--> Sage_Hen_Incident_north_of_Truckee_CA_June_8th_2016_The_Run_FR-111_noisy.jpg
25-05-30 08:50:55.946 : --71--> Sage_Hen_Incident_north_of_Truckee_CA_June_8th_2016_The_Run_FR-222_noisy.jpg
25-05-30 08:51:32.145 : --72--> Sage_Hen_Incident_north_of_Truckee_CA_June_8th_2016_The_Run_FR-350_noisy.jpg
25-05-30 08:52:08.339 : --73--> Sage_Hen_Incident_north_of_Truckee_CA_June_8th_2016_The_Run_FR-700_noisy.jpg
25-05-30 08:52:44.507 : --74--> Smoke_check_fire_this_time_south_of_Bunker_Hill_Lookout_at_1217_PM_FR-600_noisy.jpg
25-05-30 08:53:20.713 : --75--> Smoke_from_a_fire_in_Van_Sickle_park_is_seen_at_331_PM_from_the_Sierra_at_Tahoe_fire_camera_FR-1054_noisy.jpg
25-05-30 08:53:56.940 : --76--> Smoke_from_a_fire_in_Van_Sickle_park_is_seen_at_331_PM_from_the_Sierra_at_Tahoe_fire_camera_FR-1240_noisy.jpg
25-05-30 08:54:33.111 : --77--> Smoke_from_a_fire_in_Van_Sickle_park_is_seen_at_331_PM_from_the_Sierra_at_Tahoe_fire_camera_FR-1288_noisy.jpg
25-05-30 08:55:09.298 : --78--> Spectrum_Incident_Fire_near_DRI_North_Reno_from_Peavine_Mt_June_10th_2016_FR-825_noisy.jpg
25-05-30 08:55:45.482 : --79--> Spectrum_Incident_Fire_near_DRI_North_Reno_from_Peavine_Mt_June_10th_2016_FR-875_noisy.jpg
25-05-30 08:56:21.693 : --80--> Spectrum_Incident_Fire_near_DRI_North_Reno_from_Peavine_Mt_June_10th_2016_FR-900_noisy.jpg
25-05-30 08:56:57.835 : --81--> Spectrum_Incident_Fire_near_DRI_North_Reno_from_Peavine_Mt_June_10th_2016_FR-992_noisy.jpg
25-05-30 08:57:34.020 : --82--> The_plume_head_from_the_Wall_Fire_near_Oroville_is_seen_from_the_Lincoln_fire_camera_at_3_PM_FR-600_noisy.jpg
25-05-30 09:43:15.209 : --83--> Triple_Fire_spotted_from_the_Jacks_Peak_fire_camera_at_2_PM_FR-185_noisy.jpg
25-05-30 10:34:20.296 : --84--> Triple_Fire_spotted_from_the_Jacks_Peak_fire_camera_at_2_PM_FR-222_noisy.jpg
25-05-30 10:34:56.435 : --85--> Triple_Fire_spotted_from_the_Jacks_Peak_fire_camera_at_2_PM_FR-296_noisy.jpg
25-05-30 10:35:32.437 : --86--> Winds_change_as_the_Evans_Fire_progresses_as_seen_from_NOAA_at_1_PM_FR-148_noisy.jpg
25-05-30 10:36:07.734 : --87--> Winds_change_as_the_Evans_Fire_progresses_as_seen_from_NOAA_at_1_PM_FR-37_noisy.jpg
