25-05-25 21:26:17.727 : Model path: model_zoo\scunet_color_real_psnr.pth
25-05-25 21:26:17.729 : Params number: 17946072
25-05-25 21:26:17.729 : model_name:scunet_color_real_psnr
25-05-25 21:26:17.729 : C:/Users/cactu/PROJETOS/python/LINT-projeto/Projeto-LINT/script/downgrade/noisy # L_path, for Low-quality images
25-05-25 21:28:06.767 : Model path: model_zoo\scunet_color_real_psnr.pth
25-05-25 21:28:06.769 : Params number: 17946072
25-05-25 21:28:06.769 : model_name:scunet_color_real_psnr
25-05-25 21:28:06.770 : C:/Users/cactu/PROJETOS/python/LINT-projeto/Projeto-LINT/script/downgrade/noisy
25-05-25 21:28:06.791 :          #Params : 17.9461 [M]
25-05-25 21:28:06.791 : ---1--> 2nd_camera_online_for_the_Long_Incident_Fire_seen_from_Bald_Mt_at_842_AM_FR-1240_noisy.jpg
25-05-25 21:28:47.212 : ---2--> 2nd_camera_online_for_the_Long_Incident_Fire_seen_from_Bald_Mt_at_842_AM_FR-1344_noisy.jpg
25-05-25 21:29:23.811 : ---3--> 2nd_camera_online_for_the_Long_Incident_Fire_seen_from_Bald_Mt_at_842_AM_FR-1400_noisy.jpg
25-05-25 21:30:00.556 : ---4--> 2nd_camera_online_for_the_Long_Incident_Fire_seen_from_Bald_Mt_at_842_AM_FR-1456_noisy.jpg
25-05-25 21:30:36.992 : ---5--> 2nd_camera_views_Whites_Fire_from_McClellan_Peak_at_2_PM_FR-350_noisy.jpg
25-05-25 21:31:13.402 : ---6--> 2nd_camera_views_Whites_Fire_from_McClellan_Peak_at_2_PM_FR-375_noisy.jpg
25-05-25 21:31:50.038 : ---7--> 2nd_camera_views_Whites_Fire_from_McClellan_Peak_at_2_PM_FR-400_noisy.jpg
25-05-25 21:32:26.759 : ---8--> 2nd_camera_views_Whites_Fire_from_McClellan_Peak_at_2_PM_FR-450_noisy.jpg
25-05-25 21:33:03.489 : ---9--> 2nd_camera_views_Whites_Fire_from_McClellan_Peak_at_2_PM_FR-475_noisy.jpg
25-05-25 21:33:40.186 : --10--> 2nd_camera_views_Whites_Fire_from_McClellan_Peak_at_2_PM_FR-500_noisy.jpg
25-05-25 21:34:16.916 : --11--> 2nd_camera_views_Whites_Fire_from_McClellan_Peak_at_2_PM_FR-525_noisy.jpg
25-05-25 21:34:53.629 : --12--> 3_PM_Update_of_the_Preacher_Fire_from_Snow_Valley_Peak_FR-222_noisy.jpg
25-05-25 21:35:30.357 : --13--> 3_PM_Update_of_the_Preacher_Fire_from_Snow_Valley_Peak_FR-74_noisy.jpg
25-05-25 21:36:06.800 : --14--> A_fire_in_Nixon_Nevada_spied_upon_at_711_AM_from_Virginia_Peak_fire_camera_FR-296_noisy.jpg
25-05-25 21:36:43.086 : --15--> A_fire_in_Nixon_Nevada_spied_upon_at_711_AM_from_Virginia_Peak_fire_camera_FR-325_noisy.jpg
25-05-25 21:37:19.394 : --16--> A_fire_in_Nixon_Nevada_spied_upon_at_711_AM_from_Virginia_Peak_fire_camera_FR-350_noisy.jpg
25-05-25 21:37:55.656 : --17--> A_fire_in_Nixon_Nevada_spied_upon_at_711_AM_from_Virginia_Peak_fire_camera_FR-400_noisy.jpg
25-05-25 21:38:31.967 : --18--> A_fire_in_Nixon_Nevada_spied_upon_at_711_AM_from_Virginia_Peak_fire_camera_FR-425_noisy.jpg
25-05-25 21:39:08.224 : --19--> A_fire_in_Nixon_Nevada_spied_upon_at_711_AM_from_Virginia_Peak_fire_camera_FR-450_noisy.jpg
25-05-25 21:39:44.482 : --20--> A_fire_in_Nixon_Nevada_spied_upon_at_711_AM_from_Virginia_Peak_fire_camera_FR-500_noisy.jpg
25-05-25 21:40:20.789 : --21--> A_twofer_day_as_the_Ink_Fire_ignites_Atlas_227_PM_under_red_flag_conditions_FR-1400_noisy.jpg
25-05-25 21:40:57.122 : --22--> A_twofer_day_as_the_Ink_Fire_ignites_Atlas_227_PM_under_red_flag_conditions_FR-850_noisy.jpg
25-05-25 21:41:33.364 : --23--> A_view_from_Sierra_at_Tahoe_fire_camera_of_fire_near_Lodi_Ave_South_Lake_Tahoe_216_PM_FR-425_noisy.jpg
25-05-25 21:42:09.643 : --24--> A_view_from_Sierra_at_Tahoe_fire_camera_of_fire_near_Lodi_Ave_South_Lake_Tahoe_216_PM_FR-650_noisy.jpg
25-05-25 21:42:45.927 : --25--> A_view_of_the_Pyramid_Incident_fire_from_McClellan_Peak_FR-930_noisy.jpg
25-05-25 21:43:22.190 : --26--> An_Rx_L_and_real_R_wildfire_seen_from_Oakridge_fire_camera_at_11_AM_FR-400_noisy.jpg
25-05-25 21:43:58.465 : --27--> An_Rx_L_and_real_R_wildfire_seen_from_Oakridge_fire_camera_at_11_AM_FR-425_noisy.jpg
25-05-25 21:44:34.750 : --28--> An_Rx_L_and_real_R_wildfire_seen_from_Oakridge_fire_camera_at_11_AM_FR-475_noisy.jpg
25-05-25 21:45:11.013 : --29--> Angels_Roost_fire_camera_pans_to_fire_near_Lodi_Ave_near_215_PM_FR-500_noisy.jpg
25-05-25 21:45:47.277 : --30--> Angels_Roost_fire_camera_pans_to_fire_near_Lodi_Ave_near_215_PM_FR-600_noisy.jpg
25-05-25 21:46:23.524 : --31--> Angels_Roost_fire_camera_pans_to_fire_near_Lodi_Ave_near_215_PM_FR-750_noisy.jpg
25-05-25 21:46:59.804 : --32--> Angels_Roost_fire_camera_pans_to_fire_near_Lodi_Ave_near_215_PM_FR-775_noisy.jpg
25-05-25 21:47:36.098 : --33--> Another_North_Bay_fire_is_confirmed_from_the_Geyser_fire_cam_at_240_PM_FR-1098_noisy.jpg
25-05-25 21:48:12.351 : --34--> Another_North_Bay_fire_is_confirmed_from_the_Geyser_fire_cam_at_240_PM_FR-1220_noisy.jpg
25-05-25 21:48:48.652 : --35--> Bald_Mt_CA_fire_camera_confirms_fire_to_the_SW_at_11_33_AM_FR-900_noisy.jpg
25-05-25 21:49:24.937 : --36--> Big_Wash_Fire_confirmed_from_Virginia_fire_camera_at_123_PM_FR-750_noisy.jpg
25-05-25 21:50:01.163 : --37--> Brush_Fire_near_Caughlin_Ranch_at_11_AM_September_21st_2015_as_seen_from_the_NOAA_Fire_Camera_FR-600_noisy.jpg
25-05-25 21:50:37.399 : --38--> Brush_Fire_near_Caughlin_Ranch_at_11_AM_September_21st_2015_as_seen_from_the_NOAA_Fire_Camera_FR-725_noisy.jpg
25-05-25 21:51:13.632 : --39--> Brush_Fire_near_Caughlin_Ranch_at_11_AM_September_21st_2015_as_seen_from_the_NOAA_Fire_Camera_FR-775_noisy.jpg
25-05-25 21:51:49.899 : --40--> Brush_Fire_near_Caughlin_Ranch_at_11_AM_September_21st_2015_as_seen_from_the_NOAA_Fire_Camera_FR-800_noisy.jpg
25-05-25 21:52:26.169 : --41--> Brush_Fire_near_Caughlin_Ranch_at_11_AM_September_21st_2015_as_seen_from_the_NOAA_Fire_Camera_FR-825_noisy.jpg
25-05-25 21:53:02.442 : --42--> Brush_Fire_near_Caughlin_Ranch_at_11_AM_September_21st_2015_as_seen_from_the_NOAA_Fire_Camera_FR-875_noisy.jpg
25-05-25 21:53:38.728 : --43--> Brush_Fire_near_Caughlin_Ranch_at_11_AM_September_21st_2015_as_seen_from_the_NOAA_Fire_Camera_FR-900_noisy.jpg
25-05-25 21:54:14.971 : --44--> Brush_Fire_near_Caughlin_Ranch_at_11_AM_September_21st_2015_as_seen_from_the_NOAA_Fire_Camera_FR-930_noisy.jpg
25-05-25 21:54:51.214 : --45--> Farad_Fire_on_I-80_west_of_Reno_as_seen_from_Peavine_Hour_1_FR-111_noisy.jpg
25-05-25 21:55:27.450 : --46--> Farad_Fire_on_I-80_west_of_Reno_as_seen_from_Peavine_Hour_1_FR-148_noisy.jpg
25-05-25 21:56:03.717 : --47--> Farad_Fire_on_I-80_west_of_Reno_as_seen_from_Peavine_Hour_1_FR-185_noisy.jpg
25-05-25 21:56:39.955 : --48--> Farad_Fire_on_I-80_west_of_Reno_as_seen_from_Peavine_Hour_1_FR-625_noisy.jpg
25-05-25 21:57:16.196 : --49--> Fire_seen_erupting_off_of_Kingsbury_Grade_from_Sierra_at_Tahoe_2_PM_FR-1116_noisy.jpg
25-05-25 21:57:52.482 : --50--> Fire_seen_erupting_off_of_Kingsbury_Grade_from_Sierra_at_Tahoe_2_PM_FR-1344_noisy.jpg
25-05-25 21:58:28.759 : --51--> Fort_Sage_camera_spins_toward_Ironwood_Fire_at_1033_AM_FR-912_noisy.jpg
25-05-25 21:59:05.002 : --52--> Fort_Sage_camera_spins_toward_Ironwood_Fire_at_10_33_AM_FR-860_noisy.jpg
25-05-25 21:59:41.266 : --53--> Fort_Sage_camera_spins_toward_Ironwood_Fire_at_10_33_AM_FR-912_noisy.jpg
25-05-25 22:00:17.526 : --54--> French_Fire_discovered_from_Babbitt_Peak_at_533_PM_FR-850_noisy.jpg
25-05-25 22:00:53.796 : --55--> French_Fire_discovered_from_Babbitt_Peak_at_533_PM_FR-930_noisy.jpg
25-05-25 22:01:30.054 : --56--> French_Fire_discovered_from_Babbitt_Peak_at_533_PM_FR-992_noisy.jpg
25-05-25 22:02:06.314 : --57--> Hemlock_Canyon_Fire_near_Cashill_Drive_Reno_seen_from_the_Peavine_fire_camera_at_730_PM_FR-775_noisy.jpg
25-05-25 22:02:42.564 : --58--> Homewood_pans_into_Round_Hill_to_provide_a_different_perspective_Noon_FR-800_noisy.jpg
25-05-25 22:03:18.750 : --59--> NOAA_fire_camera_spins_toward_the_I-80_Fire_at_350_PM_FR-1400_noisy.jpg
25-05-25 22:03:54.387 : --60--> Old_395_Fire_is_viewed_early_on_by_the_Slide_fire_camera_at_1138_AM_FR-1054_noisy.jpg
25-05-25 22:04:30.021 : --61--> Quick_confirmation_of_the_Sycamore_Fire_from_Box_Springs_Mt_camera_at_1236_PM_FR-1100_noisy.jpg
25-05-25 22:05:05.631 : --62--> Quick_confirmation_of_the_Sycamore_Fire_from_Box_Springs_Mt_camera_at_1236_PM_FR-1200_noisy.jpg
25-05-25 22:05:41.286 : --63--> Quick_confirmation_of_the_Sycamore_Fire_from_Box_Springs_Mt_camera_at_1236_PM_FR-1300_noisy.jpg
25-05-25 22:06:16.970 : --64--> Quick_confirmation_of_the_Sycamore_Fire_from_Box_Springs_Mt_camera_at_1236_PM_FR-1400_noisy.jpg
25-05-25 22:06:52.628 : --65--> Quick_confirmation_of_the_Sycamore_Fire_from_Box_Springs_Mt_camera_at_1236_PM_FR-920_noisy.jpg
25-05-25 22:07:28.242 : --66--> Quick_confirmation_of_the_Sycamore_Fire_from_Box_Springs_Mt_camera_at_1236_PM_FR-975_noisy.jpg
25-05-25 22:08:03.807 : --67--> Residential_Fire_Earth_Song_Ln_in_Georgetown_as_seen_from_Bald_Mt_CA_fire_camera_at_6_PM_FR-296_noisy.jpg
25-05-25 22:08:39.373 : --68--> Rx_burn_at_Marshall_Mine_as_seen_from_Bald_Mountain_CA_at_10_46_AM_FR-1116_noisy.jpg
25-05-25 22:09:14.957 : --69--> Rx_burn_at_Marshall_Mine_as_seen_from_Bald_Mountain_CA_at_10_46_AM_FR-1240_noisy.jpg
25-05-25 22:09:50.540 : --70--> Sage_Hen_Incident_north_of_Truckee_CA_June_8th_2016_The_Run_FR-111_noisy.jpg
25-05-25 22:10:26.123 : --71--> Sage_Hen_Incident_north_of_Truckee_CA_June_8th_2016_The_Run_FR-222_noisy.jpg
25-05-25 22:11:01.695 : --72--> Sage_Hen_Incident_north_of_Truckee_CA_June_8th_2016_The_Run_FR-350_noisy.jpg
25-05-25 22:11:37.321 : --73--> Sage_Hen_Incident_north_of_Truckee_CA_June_8th_2016_The_Run_FR-700_noisy.jpg
25-05-25 22:12:12.950 : --74--> Smoke_check_fire_this_time_south_of_Bunker_Hill_Lookout_at_1217_PM_FR-600_noisy.jpg
25-05-25 22:12:48.595 : --75--> Smoke_from_a_fire_in_Van_Sickle_park_is_seen_at_331_PM_from_the_Sierra_at_Tahoe_fire_camera_FR-1054_noisy.jpg
25-05-25 22:13:24.228 : --76--> Smoke_from_a_fire_in_Van_Sickle_park_is_seen_at_331_PM_from_the_Sierra_at_Tahoe_fire_camera_FR-1240_noisy.jpg
25-05-25 22:13:59.681 : --77--> Smoke_from_a_fire_in_Van_Sickle_park_is_seen_at_331_PM_from_the_Sierra_at_Tahoe_fire_camera_FR-1288_noisy.jpg
25-05-25 22:14:35.236 : --78--> Spectrum_Incident_Fire_near_DRI_North_Reno_from_Peavine_Mt_June_10th_2016_FR-825_noisy.jpg
25-05-25 22:15:11.007 : --79--> Spectrum_Incident_Fire_near_DRI_North_Reno_from_Peavine_Mt_June_10th_2016_FR-875_noisy.jpg
25-05-25 22:15:46.679 : --80--> Spectrum_Incident_Fire_near_DRI_North_Reno_from_Peavine_Mt_June_10th_2016_FR-900_noisy.jpg
25-05-25 22:16:22.302 : --81--> Spectrum_Incident_Fire_near_DRI_North_Reno_from_Peavine_Mt_June_10th_2016_FR-992_noisy.jpg
25-05-25 22:16:57.966 : --82--> The_plume_head_from_the_Wall_Fire_near_Oroville_is_seen_from_the_Lincoln_fire_camera_at_3_PM_FR-600_noisy.jpg
25-05-25 22:17:33.648 : --83--> Triple_Fire_spotted_from_the_Jacks_Peak_fire_camera_at_2_PM_FR-185_noisy.jpg
25-05-25 22:18:09.116 : --84--> Triple_Fire_spotted_from_the_Jacks_Peak_fire_camera_at_2_PM_FR-222_noisy.jpg
25-05-25 22:18:44.707 : --85--> Triple_Fire_spotted_from_the_Jacks_Peak_fire_camera_at_2_PM_FR-296_noisy.jpg
25-05-25 22:19:20.530 : --86--> Winds_change_as_the_Evans_Fire_progresses_as_seen_from_NOAA_at_1_PM_FR-148_noisy.jpg
25-05-25 22:19:56.037 : --87--> Winds_change_as_the_Evans_Fire_progresses_as_seen_from_NOAA_at_1_PM_FR-37_noisy.jpg
