25-05-30 12:35:14.677 : Model path: model_zoo\scunet_color_real_psnr.pth
25-05-30 12:35:14.678 : Params number: 17946072
25-05-30 12:35:14.678 : model_name:scunet_color_real_psnr
25-05-30 12:35:14.678 : C:/Users/cactu/PROJETOS/python/LINT-projeto/Projeto-LINT/script/downgrade/resized
25-05-30 12:35:14.679 :          #Params : 17.9461 [M]
25-05-30 12:35:14.679 : ---1--> 2nd_camera_online_for_the_Long_Incident_Fire_seen_from_Bald_Mt_at_842_AM_FR-1240_small.jpg
25-05-30 12:35:16.601 : ---2--> 2nd_camera_online_for_the_Long_Incident_Fire_seen_from_Bald_Mt_at_842_AM_FR-1344_small.jpg
25-05-30 12:35:18.224 : ---3--> 2nd_camera_online_for_the_Long_Incident_Fire_seen_from_Bald_Mt_at_842_AM_FR-1400_small.jpg
25-05-30 12:35:19.850 : ---4--> 2nd_camera_online_for_the_Long_Incident_Fire_seen_from_Bald_Mt_at_842_AM_FR-1456_small.jpg
25-05-30 12:35:21.472 : ---5--> 2nd_camera_views_Whites_Fire_from_McClellan_Peak_at_2_PM_FR-350_small.jpg
25-05-30 12:35:23.096 : ---6--> 2nd_camera_views_Whites_Fire_from_McClellan_Peak_at_2_PM_FR-375_small.jpg
25-05-30 12:35:24.717 : ---7--> 2nd_camera_views_Whites_Fire_from_McClellan_Peak_at_2_PM_FR-400_small.jpg
25-05-30 12:35:26.345 : ---8--> 2nd_camera_views_Whites_Fire_from_McClellan_Peak_at_2_PM_FR-450_small.jpg
25-05-30 12:35:27.980 : ---9--> 2nd_camera_views_Whites_Fire_from_McClellan_Peak_at_2_PM_FR-475_small.jpg
25-05-30 12:35:29.601 : --10--> 2nd_camera_views_Whites_Fire_from_McClellan_Peak_at_2_PM_FR-500_small.jpg
25-05-30 12:35:31.230 : --11--> 2nd_camera_views_Whites_Fire_from_McClellan_Peak_at_2_PM_FR-525_small.jpg
25-05-30 12:35:32.870 : --12--> 3_PM_Update_of_the_Preacher_Fire_from_Snow_Valley_Peak_FR-222_small.jpg
25-05-30 12:35:34.494 : --13--> 3_PM_Update_of_the_Preacher_Fire_from_Snow_Valley_Peak_FR-74_small.jpg
25-05-30 12:35:36.122 : --14--> A_fire_in_Nixon_Nevada_spied_upon_at_711_AM_from_Virginia_Peak_fire_camera_FR-296_small.jpg
25-05-30 12:35:37.741 : --15--> A_fire_in_Nixon_Nevada_spied_upon_at_711_AM_from_Virginia_Peak_fire_camera_FR-325_small.jpg
25-05-30 12:35:39.363 : --16--> A_fire_in_Nixon_Nevada_spied_upon_at_711_AM_from_Virginia_Peak_fire_camera_FR-350_small.jpg
25-05-30 12:35:40.985 : --17--> A_fire_in_Nixon_Nevada_spied_upon_at_711_AM_from_Virginia_Peak_fire_camera_FR-400_small.jpg
25-05-30 12:35:42.615 : --18--> A_fire_in_Nixon_Nevada_spied_upon_at_711_AM_from_Virginia_Peak_fire_camera_FR-425_small.jpg
25-05-30 12:35:44.243 : --19--> A_fire_in_Nixon_Nevada_spied_upon_at_711_AM_from_Virginia_Peak_fire_camera_FR-450_small.jpg
25-05-30 12:35:45.868 : --20--> A_fire_in_Nixon_Nevada_spied_upon_at_711_AM_from_Virginia_Peak_fire_camera_FR-500_small.jpg
25-05-30 12:35:47.491 : --21--> A_twofer_day_as_the_Ink_Fire_ignites_Atlas_227_PM_under_red_flag_conditions_FR-1400_small.jpg
25-05-30 12:35:49.109 : --22--> A_twofer_day_as_the_Ink_Fire_ignites_Atlas_227_PM_under_red_flag_conditions_FR-850_small.jpg
25-05-30 12:35:50.737 : --23--> A_view_from_Sierra_at_Tahoe_fire_camera_of_fire_near_Lodi_Ave_South_Lake_Tahoe_216_PM_FR-425_small.jpg
25-05-30 12:35:52.356 : --24--> A_view_from_Sierra_at_Tahoe_fire_camera_of_fire_near_Lodi_Ave_South_Lake_Tahoe_216_PM_FR-650_small.jpg
25-05-30 12:35:53.973 : --25--> A_view_of_the_Pyramid_Incident_fire_from_McClellan_Peak_FR-930_small.jpg
25-05-30 12:35:55.593 : --26--> An_Rx_L_and_real_R_wildfire_seen_from_Oakridge_fire_camera_at_11_AM_FR-400_small.jpg
25-05-30 12:35:57.214 : --27--> An_Rx_L_and_real_R_wildfire_seen_from_Oakridge_fire_camera_at_11_AM_FR-425_small.jpg
25-05-30 12:35:58.838 : --28--> An_Rx_L_and_real_R_wildfire_seen_from_Oakridge_fire_camera_at_11_AM_FR-475_small.jpg
25-05-30 12:36:00.455 : --29--> Angels_Roost_fire_camera_pans_to_fire_near_Lodi_Ave_near_215_PM_FR-500_small.jpg
25-05-30 12:36:02.071 : --30--> Angels_Roost_fire_camera_pans_to_fire_near_Lodi_Ave_near_215_PM_FR-600_small.jpg
25-05-30 12:36:03.692 : --31--> Angels_Roost_fire_camera_pans_to_fire_near_Lodi_Ave_near_215_PM_FR-750_small.jpg
25-05-30 12:36:05.312 : --32--> Angels_Roost_fire_camera_pans_to_fire_near_Lodi_Ave_near_215_PM_FR-775_small.jpg
25-05-30 12:36:06.930 : --33--> Another_North_Bay_fire_is_confirmed_from_the_Geyser_fire_cam_at_240_PM_FR-1098_small.jpg
25-05-30 12:36:08.548 : --34--> Another_North_Bay_fire_is_confirmed_from_the_Geyser_fire_cam_at_240_PM_FR-1220_small.jpg
25-05-30 12:36:10.167 : --35--> Bald_Mt_CA_fire_camera_confirms_fire_to_the_SW_at_11_33_AM_FR-900_small.jpg
25-05-30 12:36:11.785 : --36--> Big_Wash_Fire_confirmed_from_Virginia_fire_camera_at_123_PM_FR-750_small.jpg
25-05-30 12:36:13.403 : --37--> Brush_Fire_near_Caughlin_Ranch_at_11_AM_September_21st_2015_as_seen_from_the_NOAA_Fire_Camera_FR-600_small.jpg
25-05-30 12:36:15.029 : --38--> Brush_Fire_near_Caughlin_Ranch_at_11_AM_September_21st_2015_as_seen_from_the_NOAA_Fire_Camera_FR-725_small.jpg
25-05-30 12:36:16.658 : --39--> Brush_Fire_near_Caughlin_Ranch_at_11_AM_September_21st_2015_as_seen_from_the_NOAA_Fire_Camera_FR-775_small.jpg
25-05-30 12:36:18.274 : --40--> Brush_Fire_near_Caughlin_Ranch_at_11_AM_September_21st_2015_as_seen_from_the_NOAA_Fire_Camera_FR-800_small.jpg
25-05-30 12:36:19.895 : --41--> Brush_Fire_near_Caughlin_Ranch_at_11_AM_September_21st_2015_as_seen_from_the_NOAA_Fire_Camera_FR-825_small.jpg
25-05-30 12:36:21.517 : --42--> Brush_Fire_near_Caughlin_Ranch_at_11_AM_September_21st_2015_as_seen_from_the_NOAA_Fire_Camera_FR-875_small.jpg
25-05-30 12:36:23.136 : --43--> Brush_Fire_near_Caughlin_Ranch_at_11_AM_September_21st_2015_as_seen_from_the_NOAA_Fire_Camera_FR-900_small.jpg
25-05-30 12:36:24.756 : --44--> Brush_Fire_near_Caughlin_Ranch_at_11_AM_September_21st_2015_as_seen_from_the_NOAA_Fire_Camera_FR-930_small.jpg
25-05-30 12:36:26.380 : --45--> Farad_Fire_on_I-80_west_of_Reno_as_seen_from_Peavine_Hour_1_FR-111_small.jpg
25-05-30 12:36:27.999 : --46--> Farad_Fire_on_I-80_west_of_Reno_as_seen_from_Peavine_Hour_1_FR-148_small.jpg
25-05-30 12:36:29.622 : --47--> Farad_Fire_on_I-80_west_of_Reno_as_seen_from_Peavine_Hour_1_FR-185_small.jpg
25-05-30 12:36:31.250 : --48--> Farad_Fire_on_I-80_west_of_Reno_as_seen_from_Peavine_Hour_1_FR-625_small.jpg
25-05-30 12:36:32.871 : --49--> Fire_seen_erupting_off_of_Kingsbury_Grade_from_Sierra_at_Tahoe_2_PM_FR-1116_small.jpg
25-05-30 12:36:34.492 : --50--> Fire_seen_erupting_off_of_Kingsbury_Grade_from_Sierra_at_Tahoe_2_PM_FR-1344_small.jpg
25-05-30 12:36:36.114 : --51--> Fort_Sage_camera_spins_toward_Ironwood_Fire_at_1033_AM_FR-912_small.jpg
25-05-30 12:36:37.732 : --52--> Fort_Sage_camera_spins_toward_Ironwood_Fire_at_10_33_AM_FR-860_small.jpg
25-05-30 12:36:39.357 : --53--> Fort_Sage_camera_spins_toward_Ironwood_Fire_at_10_33_AM_FR-912_small.jpg
25-05-30 12:36:40.983 : --54--> French_Fire_discovered_from_Babbitt_Peak_at_533_PM_FR-850_small.jpg
25-05-30 12:36:42.610 : --55--> French_Fire_discovered_from_Babbitt_Peak_at_533_PM_FR-930_small.jpg
25-05-30 12:36:44.378 : --56--> French_Fire_discovered_from_Babbitt_Peak_at_533_PM_FR-992_small.jpg
25-05-30 12:36:46.355 : --57--> Hemlock_Canyon_Fire_near_Cashill_Drive_Reno_seen_from_the_Peavine_fire_camera_at_730_PM_FR-775_small.jpg
25-05-30 12:36:48.271 : --58--> Homewood_pans_into_Round_Hill_to_provide_a_different_perspective_Noon_FR-800_small.jpg
25-05-30 12:36:50.362 : --59--> NOAA_fire_camera_spins_toward_the_I-80_Fire_at_350_PM_FR-1400_small.jpg
25-05-30 12:36:52.438 : --60--> Old_395_Fire_is_viewed_early_on_by_the_Slide_fire_camera_at_1138_AM_FR-1054_small.jpg
25-05-30 12:36:54.382 : --61--> Quick_confirmation_of_the_Sycamore_Fire_from_Box_Springs_Mt_camera_at_1236_PM_FR-1100_small.jpg
25-05-30 12:36:56.301 : --62--> Quick_confirmation_of_the_Sycamore_Fire_from_Box_Springs_Mt_camera_at_1236_PM_FR-1200_small.jpg
25-05-30 12:36:58.232 : --63--> Quick_confirmation_of_the_Sycamore_Fire_from_Box_Springs_Mt_camera_at_1236_PM_FR-1300_small.jpg
25-05-30 12:37:00.123 : --64--> Quick_confirmation_of_the_Sycamore_Fire_from_Box_Springs_Mt_camera_at_1236_PM_FR-1400_small.jpg
25-05-30 12:37:02.101 : --65--> Quick_confirmation_of_the_Sycamore_Fire_from_Box_Springs_Mt_camera_at_1236_PM_FR-920_small.jpg
25-05-30 12:37:03.993 : --66--> Quick_confirmation_of_the_Sycamore_Fire_from_Box_Springs_Mt_camera_at_1236_PM_FR-975_small.jpg
25-05-30 12:37:05.888 : --67--> Residential_Fire_Earth_Song_Ln_in_Georgetown_as_seen_from_Bald_Mt_CA_fire_camera_at_6_PM_FR-296_small.jpg
25-05-30 12:37:07.795 : --68--> Rx_burn_at_Marshall_Mine_as_seen_from_Bald_Mountain_CA_at_10_46_AM_FR-1116_small.jpg
25-05-30 12:37:09.685 : --69--> Rx_burn_at_Marshall_Mine_as_seen_from_Bald_Mountain_CA_at_10_46_AM_FR-1240_small.jpg
25-05-30 12:37:11.570 : --70--> Sage_Hen_Incident_north_of_Truckee_CA_June_8th_2016_The_Run_FR-111_small.jpg
25-05-30 12:37:13.469 : --71--> Sage_Hen_Incident_north_of_Truckee_CA_June_8th_2016_The_Run_FR-222_small.jpg
25-05-30 12:37:15.367 : --72--> Sage_Hen_Incident_north_of_Truckee_CA_June_8th_2016_The_Run_FR-350_small.jpg
25-05-30 12:37:17.284 : --73--> Sage_Hen_Incident_north_of_Truckee_CA_June_8th_2016_The_Run_FR-700_small.jpg
25-05-30 12:37:19.192 : --74--> Smoke_check_fire_this_time_south_of_Bunker_Hill_Lookout_at_1217_PM_FR-600_small.jpg
25-05-30 12:37:21.135 : --75--> Smoke_from_a_fire_in_Van_Sickle_park_is_seen_at_331_PM_from_the_Sierra_at_Tahoe_fire_camera_FR-1054_small.jpg
25-05-30 12:37:23.030 : --76--> Smoke_from_a_fire_in_Van_Sickle_park_is_seen_at_331_PM_from_the_Sierra_at_Tahoe_fire_camera_FR-1240_small.jpg
25-05-30 12:37:24.919 : --77--> Smoke_from_a_fire_in_Van_Sickle_park_is_seen_at_331_PM_from_the_Sierra_at_Tahoe_fire_camera_FR-1288_small.jpg
25-05-30 12:37:27.066 : --78--> Spectrum_Incident_Fire_near_DRI_North_Reno_from_Peavine_Mt_June_10th_2016_FR-825_small.jpg
25-05-30 12:37:29.087 : --79--> Spectrum_Incident_Fire_near_DRI_North_Reno_from_Peavine_Mt_June_10th_2016_FR-875_small.jpg
25-05-30 12:37:30.979 : --80--> Spectrum_Incident_Fire_near_DRI_North_Reno_from_Peavine_Mt_June_10th_2016_FR-900_small.jpg
25-05-30 12:37:32.878 : --81--> Spectrum_Incident_Fire_near_DRI_North_Reno_from_Peavine_Mt_June_10th_2016_FR-992_small.jpg
25-05-30 12:37:34.760 : --82--> The_plume_head_from_the_Wall_Fire_near_Oroville_is_seen_from_the_Lincoln_fire_camera_at_3_PM_FR-600_small.jpg
25-05-30 12:37:36.646 : --83--> Triple_Fire_spotted_from_the_Jacks_Peak_fire_camera_at_2_PM_FR-185_small.jpg
25-05-30 12:37:38.537 : --84--> Triple_Fire_spotted_from_the_Jacks_Peak_fire_camera_at_2_PM_FR-222_small.jpg
25-05-30 12:37:40.434 : --85--> Triple_Fire_spotted_from_the_Jacks_Peak_fire_camera_at_2_PM_FR-296_small.jpg
25-05-30 12:37:42.331 : --86--> Winds_change_as_the_Evans_Fire_progresses_as_seen_from_NOAA_at_1_PM_FR-148_small.jpg
25-05-30 12:37:44.228 : --87--> Winds_change_as_the_Evans_Fire_progresses_as_seen_from_NOAA_at_1_PM_FR-37_small.jpg
