25-05-30 10:37:47.025 : Model path: model_zoo\scunet_color_real_psnr.pth
25-05-30 10:37:47.027 : Params number: 17946072
25-05-30 10:37:47.027 : model_name:scunet_color_real_psnr
25-05-30 10:37:47.027 : C:/Users/cactu/PROJETOS/python/LINT-projeto/Projeto-LINT/script/downgrade/blurred
25-05-30 10:37:47.030 :          #Params : 17.9461 [M]
25-05-30 10:37:47.030 : ---1--> 2nd_camera_online_for_the_Long_Incident_Fire_seen_from_Bald_Mt_at_842_AM_FR-1240_blur.jpg
25-05-30 10:38:22.711 : ---2--> 2nd_camera_online_for_the_Long_Incident_Fire_seen_from_Bald_Mt_at_842_AM_FR-1344_blur.jpg
25-05-30 10:38:58.023 : ---3--> 2nd_camera_online_for_the_Long_Incident_Fire_seen_from_Bald_Mt_at_842_AM_FR-1400_blur.jpg
25-05-30 10:39:33.328 : ---4--> 2nd_camera_online_for_the_Long_Incident_Fire_seen_from_Bald_Mt_at_842_AM_FR-1456_blur.jpg
25-05-30 10:40:08.634 : ---5--> 2nd_camera_views_Whites_Fire_from_McClellan_Peak_at_2_PM_FR-350_blur.jpg
25-05-30 10:40:43.936 : ---6--> 2nd_camera_views_Whites_Fire_from_McClellan_Peak_at_2_PM_FR-375_blur.jpg
25-05-30 10:41:19.233 : ---7--> 2nd_camera_views_Whites_Fire_from_McClellan_Peak_at_2_PM_FR-400_blur.jpg
25-05-30 10:41:54.538 : ---8--> 2nd_camera_views_Whites_Fire_from_McClellan_Peak_at_2_PM_FR-450_blur.jpg
25-05-30 10:42:29.846 : ---9--> 2nd_camera_views_Whites_Fire_from_McClellan_Peak_at_2_PM_FR-475_blur.jpg
25-05-30 10:43:05.151 : --10--> 2nd_camera_views_Whites_Fire_from_McClellan_Peak_at_2_PM_FR-500_blur.jpg
25-05-30 10:43:40.462 : --11--> 2nd_camera_views_Whites_Fire_from_McClellan_Peak_at_2_PM_FR-525_blur.jpg
25-05-30 10:44:15.768 : --12--> 3_PM_Update_of_the_Preacher_Fire_from_Snow_Valley_Peak_FR-222_blur.jpg
25-05-30 10:44:51.062 : --13--> 3_PM_Update_of_the_Preacher_Fire_from_Snow_Valley_Peak_FR-74_blur.jpg
25-05-30 10:45:26.359 : --14--> A_fire_in_Nixon_Nevada_spied_upon_at_711_AM_from_Virginia_Peak_fire_camera_FR-296_blur.jpg
25-05-30 10:46:01.660 : --15--> A_fire_in_Nixon_Nevada_spied_upon_at_711_AM_from_Virginia_Peak_fire_camera_FR-325_blur.jpg
25-05-30 10:46:36.973 : --16--> A_fire_in_Nixon_Nevada_spied_upon_at_711_AM_from_Virginia_Peak_fire_camera_FR-350_blur.jpg
25-05-30 10:47:12.284 : --17--> A_fire_in_Nixon_Nevada_spied_upon_at_711_AM_from_Virginia_Peak_fire_camera_FR-400_blur.jpg
25-05-30 10:47:47.589 : --18--> A_fire_in_Nixon_Nevada_spied_upon_at_711_AM_from_Virginia_Peak_fire_camera_FR-425_blur.jpg
25-05-30 10:48:22.904 : --19--> A_fire_in_Nixon_Nevada_spied_upon_at_711_AM_from_Virginia_Peak_fire_camera_FR-450_blur.jpg
25-05-30 10:48:58.234 : --20--> A_fire_in_Nixon_Nevada_spied_upon_at_711_AM_from_Virginia_Peak_fire_camera_FR-500_blur.jpg
25-05-30 10:49:33.543 : --21--> A_twofer_day_as_the_Ink_Fire_ignites_Atlas_227_PM_under_red_flag_conditions_FR-1400_blur.jpg
25-05-30 10:50:08.855 : --22--> A_twofer_day_as_the_Ink_Fire_ignites_Atlas_227_PM_under_red_flag_conditions_FR-850_blur.jpg
25-05-30 10:50:44.157 : --23--> A_view_from_Sierra_at_Tahoe_fire_camera_of_fire_near_Lodi_Ave_South_Lake_Tahoe_216_PM_FR-425_blur.jpg
25-05-30 10:51:19.466 : --24--> A_view_from_Sierra_at_Tahoe_fire_camera_of_fire_near_Lodi_Ave_South_Lake_Tahoe_216_PM_FR-650_blur.jpg
25-05-30 10:51:54.784 : --25--> A_view_of_the_Pyramid_Incident_fire_from_McClellan_Peak_FR-930_blur.jpg
25-05-30 10:52:30.084 : --26--> An_Rx_L_and_real_R_wildfire_seen_from_Oakridge_fire_camera_at_11_AM_FR-400_blur.jpg
25-05-30 10:53:05.388 : --27--> An_Rx_L_and_real_R_wildfire_seen_from_Oakridge_fire_camera_at_11_AM_FR-425_blur.jpg
25-05-30 10:53:40.699 : --28--> An_Rx_L_and_real_R_wildfire_seen_from_Oakridge_fire_camera_at_11_AM_FR-475_blur.jpg
25-05-30 10:54:16.004 : --29--> Angels_Roost_fire_camera_pans_to_fire_near_Lodi_Ave_near_215_PM_FR-500_blur.jpg
25-05-30 10:54:51.309 : --30--> Angels_Roost_fire_camera_pans_to_fire_near_Lodi_Ave_near_215_PM_FR-600_blur.jpg
25-05-30 10:55:26.615 : --31--> Angels_Roost_fire_camera_pans_to_fire_near_Lodi_Ave_near_215_PM_FR-750_blur.jpg
25-05-30 10:56:01.933 : --32--> Angels_Roost_fire_camera_pans_to_fire_near_Lodi_Ave_near_215_PM_FR-775_blur.jpg
25-05-30 10:56:37.238 : --33--> Another_North_Bay_fire_is_confirmed_from_the_Geyser_fire_cam_at_240_PM_FR-1098_blur.jpg
25-05-30 10:57:12.544 : --34--> Another_North_Bay_fire_is_confirmed_from_the_Geyser_fire_cam_at_240_PM_FR-1220_blur.jpg
25-05-30 10:57:47.838 : --35--> Bald_Mt_CA_fire_camera_confirms_fire_to_the_SW_at_11_33_AM_FR-900_blur.jpg
25-05-30 10:58:23.152 : --36--> Big_Wash_Fire_confirmed_from_Virginia_fire_camera_at_123_PM_FR-750_blur.jpg
25-05-30 10:58:58.462 : --37--> Brush_Fire_near_Caughlin_Ranch_at_11_AM_September_21st_2015_as_seen_from_the_NOAA_Fire_Camera_FR-600_blur.jpg
25-05-30 10:59:33.768 : --38--> Brush_Fire_near_Caughlin_Ranch_at_11_AM_September_21st_2015_as_seen_from_the_NOAA_Fire_Camera_FR-725_blur.jpg
25-05-30 11:00:09.077 : --39--> Brush_Fire_near_Caughlin_Ranch_at_11_AM_September_21st_2015_as_seen_from_the_NOAA_Fire_Camera_FR-775_blur.jpg
25-05-30 11:00:44.383 : --40--> Brush_Fire_near_Caughlin_Ranch_at_11_AM_September_21st_2015_as_seen_from_the_NOAA_Fire_Camera_FR-800_blur.jpg
25-05-30 11:01:19.691 : --41--> Brush_Fire_near_Caughlin_Ranch_at_11_AM_September_21st_2015_as_seen_from_the_NOAA_Fire_Camera_FR-825_blur.jpg
25-05-30 11:01:54.994 : --42--> Brush_Fire_near_Caughlin_Ranch_at_11_AM_September_21st_2015_as_seen_from_the_NOAA_Fire_Camera_FR-875_blur.jpg
25-05-30 11:02:30.303 : --43--> Brush_Fire_near_Caughlin_Ranch_at_11_AM_September_21st_2015_as_seen_from_the_NOAA_Fire_Camera_FR-900_blur.jpg
25-05-30 11:03:05.627 : --44--> Brush_Fire_near_Caughlin_Ranch_at_11_AM_September_21st_2015_as_seen_from_the_NOAA_Fire_Camera_FR-930_blur.jpg
25-05-30 11:03:40.924 : --45--> Farad_Fire_on_I-80_west_of_Reno_as_seen_from_Peavine_Hour_1_FR-111_blur.jpg
25-05-30 11:04:16.235 : --46--> Farad_Fire_on_I-80_west_of_Reno_as_seen_from_Peavine_Hour_1_FR-148_blur.jpg
25-05-30 11:04:51.538 : --47--> Farad_Fire_on_I-80_west_of_Reno_as_seen_from_Peavine_Hour_1_FR-185_blur.jpg
25-05-30 11:05:26.844 : --48--> Farad_Fire_on_I-80_west_of_Reno_as_seen_from_Peavine_Hour_1_FR-625_blur.jpg
25-05-30 11:06:02.154 : --49--> Fire_seen_erupting_off_of_Kingsbury_Grade_from_Sierra_at_Tahoe_2_PM_FR-1116_blur.jpg
25-05-30 11:06:37.459 : --50--> Fire_seen_erupting_off_of_Kingsbury_Grade_from_Sierra_at_Tahoe_2_PM_FR-1344_blur.jpg
25-05-30 11:07:12.766 : --51--> Fort_Sage_camera_spins_toward_Ironwood_Fire_at_1033_AM_FR-912_blur.jpg
25-05-30 11:07:48.074 : --52--> Fort_Sage_camera_spins_toward_Ironwood_Fire_at_10_33_AM_FR-860_blur.jpg
25-05-30 11:08:23.400 : --53--> Fort_Sage_camera_spins_toward_Ironwood_Fire_at_10_33_AM_FR-912_blur.jpg
25-05-30 11:08:58.714 : --54--> French_Fire_discovered_from_Babbitt_Peak_at_533_PM_FR-850_blur.jpg
25-05-30 11:09:34.018 : --55--> French_Fire_discovered_from_Babbitt_Peak_at_533_PM_FR-930_blur.jpg
25-05-30 11:10:09.320 : --56--> French_Fire_discovered_from_Babbitt_Peak_at_533_PM_FR-992_blur.jpg
25-05-30 11:10:44.621 : --57--> Hemlock_Canyon_Fire_near_Cashill_Drive_Reno_seen_from_the_Peavine_fire_camera_at_730_PM_FR-775_blur.jpg
25-05-30 11:11:19.921 : --58--> Homewood_pans_into_Round_Hill_to_provide_a_different_perspective_Noon_FR-800_blur.jpg
25-05-30 11:11:55.226 : --59--> NOAA_fire_camera_spins_toward_the_I-80_Fire_at_350_PM_FR-1400_blur.jpg
25-05-30 11:12:30.540 : --60--> Old_395_Fire_is_viewed_early_on_by_the_Slide_fire_camera_at_1138_AM_FR-1054_blur.jpg
25-05-30 11:13:05.847 : --61--> Quick_confirmation_of_the_Sycamore_Fire_from_Box_Springs_Mt_camera_at_1236_PM_FR-1100_blur.jpg
25-05-30 11:13:41.173 : --62--> Quick_confirmation_of_the_Sycamore_Fire_from_Box_Springs_Mt_camera_at_1236_PM_FR-1200_blur.jpg
25-05-30 11:14:16.484 : --63--> Quick_confirmation_of_the_Sycamore_Fire_from_Box_Springs_Mt_camera_at_1236_PM_FR-1300_blur.jpg
25-05-30 11:14:51.785 : --64--> Quick_confirmation_of_the_Sycamore_Fire_from_Box_Springs_Mt_camera_at_1236_PM_FR-1400_blur.jpg
25-05-30 11:15:27.089 : --65--> Quick_confirmation_of_the_Sycamore_Fire_from_Box_Springs_Mt_camera_at_1236_PM_FR-920_blur.jpg
25-05-30 11:16:02.396 : --66--> Quick_confirmation_of_the_Sycamore_Fire_from_Box_Springs_Mt_camera_at_1236_PM_FR-975_blur.jpg
25-05-30 11:16:37.701 : --67--> Residential_Fire_Earth_Song_Ln_in_Georgetown_as_seen_from_Bald_Mt_CA_fire_camera_at_6_PM_FR-296_blur.jpg
25-05-30 11:17:13.000 : --68--> Rx_burn_at_Marshall_Mine_as_seen_from_Bald_Mountain_CA_at_10_46_AM_FR-1116_blur.jpg
25-05-30 11:17:48.325 : --69--> Rx_burn_at_Marshall_Mine_as_seen_from_Bald_Mountain_CA_at_10_46_AM_FR-1240_blur.jpg
25-05-30 11:18:23.628 : --70--> Sage_Hen_Incident_north_of_Truckee_CA_June_8th_2016_The_Run_FR-111_blur.jpg
25-05-30 11:18:58.966 : --71--> Sage_Hen_Incident_north_of_Truckee_CA_June_8th_2016_The_Run_FR-222_blur.jpg
25-05-30 11:19:34.268 : --72--> Sage_Hen_Incident_north_of_Truckee_CA_June_8th_2016_The_Run_FR-350_blur.jpg
25-05-30 11:20:09.579 : --73--> Sage_Hen_Incident_north_of_Truckee_CA_June_8th_2016_The_Run_FR-700_blur.jpg
25-05-30 11:20:44.895 : --74--> Smoke_check_fire_this_time_south_of_Bunker_Hill_Lookout_at_1217_PM_FR-600_blur.jpg
25-05-30 11:21:20.207 : --75--> Smoke_from_a_fire_in_Van_Sickle_park_is_seen_at_331_PM_from_the_Sierra_at_Tahoe_fire_camera_FR-1054_blur.jpg
25-05-30 11:21:55.517 : --76--> Smoke_from_a_fire_in_Van_Sickle_park_is_seen_at_331_PM_from_the_Sierra_at_Tahoe_fire_camera_FR-1240_blur.jpg
25-05-30 11:22:30.829 : --77--> Smoke_from_a_fire_in_Van_Sickle_park_is_seen_at_331_PM_from_the_Sierra_at_Tahoe_fire_camera_FR-1288_blur.jpg
25-05-30 12:16:13.820 : --78--> Spectrum_Incident_Fire_near_DRI_North_Reno_from_Peavine_Mt_June_10th_2016_FR-825_blur.jpg
25-05-30 12:16:49.193 : --79--> Spectrum_Incident_Fire_near_DRI_North_Reno_from_Peavine_Mt_June_10th_2016_FR-875_blur.jpg
25-05-30 12:17:25.829 : --80--> Spectrum_Incident_Fire_near_DRI_North_Reno_from_Peavine_Mt_June_10th_2016_FR-900_blur.jpg
25-05-30 12:18:01.226 : --81--> Spectrum_Incident_Fire_near_DRI_North_Reno_from_Peavine_Mt_June_10th_2016_FR-992_blur.jpg
25-05-30 12:18:37.120 : --82--> The_plume_head_from_the_Wall_Fire_near_Oroville_is_seen_from_the_Lincoln_fire_camera_at_3_PM_FR-600_blur.jpg
25-05-30 12:19:12.538 : --83--> Triple_Fire_spotted_from_the_Jacks_Peak_fire_camera_at_2_PM_FR-185_blur.jpg
25-05-30 12:19:47.942 : --84--> Triple_Fire_spotted_from_the_Jacks_Peak_fire_camera_at_2_PM_FR-222_blur.jpg
25-05-30 12:20:23.374 : --85--> Triple_Fire_spotted_from_the_Jacks_Peak_fire_camera_at_2_PM_FR-296_blur.jpg
25-05-30 12:20:58.809 : --86--> Winds_change_as_the_Evans_Fire_progresses_as_seen_from_NOAA_at_1_PM_FR-148_blur.jpg
25-05-30 12:21:34.230 : --87--> Winds_change_as_the_Evans_Fire_progresses_as_seen_from_NOAA_at_1_PM_FR-37_blur.jpg
