25-05-30 12:41:22.917 : Model path: model_zoo\scunet_color_real_psnr.pth
25-05-30 12:41:22.919 : Params number: 17946072
25-05-30 12:41:22.919 : model_name:scunet_color_real_psnr
25-05-30 12:41:22.919 : C:/Users/cactu/PROJETOS/python/LINT-projeto/Projeto-LINT/script/enhancement/BSRGAN/resized
25-05-30 12:41:22.921 :          #Params : 17.9461 [M]
25-05-30 12:41:22.921 : ---1--> 2nd_camera_online_for_the_Long_Incident_Fire_seen_from_Bald_Mt_at_842_AM_FR-1240_small.jpg
25-05-30 12:42:09.135 : ---2--> 2nd_camera_online_for_the_Long_Incident_Fire_seen_from_Bald_Mt_at_842_AM_FR-1344_small.jpg
25-05-30 12:42:56.125 : ---3--> 2nd_camera_online_for_the_Long_Incident_Fire_seen_from_Bald_Mt_at_842_AM_FR-1400_small.jpg
25-05-30 12:43:37.959 : ---4--> 2nd_camera_online_for_the_Long_Incident_Fire_seen_from_Bald_Mt_at_842_AM_FR-1456_small.jpg
25-05-30 12:44:20.668 : ---5--> 2nd_camera_views_Whites_Fire_from_McClellan_Peak_at_2_PM_FR-350_small.jpg
25-05-30 12:45:03.198 : ---6--> 2nd_camera_views_Whites_Fire_from_McClellan_Peak_at_2_PM_FR-375_small.jpg
25-05-30 12:45:49.344 : ---7--> 2nd_camera_views_Whites_Fire_from_McClellan_Peak_at_2_PM_FR-400_small.jpg
25-05-30 12:46:36.672 : ---8--> 2nd_camera_views_Whites_Fire_from_McClellan_Peak_at_2_PM_FR-450_small.jpg
25-05-30 12:47:26.073 : ---9--> 2nd_camera_views_Whites_Fire_from_McClellan_Peak_at_2_PM_FR-475_small.jpg
25-05-30 12:48:11.120 : --10--> 2nd_camera_views_Whites_Fire_from_McClellan_Peak_at_2_PM_FR-500_small.jpg
25-05-30 12:48:56.158 : --11--> 2nd_camera_views_Whites_Fire_from_McClellan_Peak_at_2_PM_FR-525_small.jpg
25-05-30 12:49:42.330 : --12--> 3_PM_Update_of_the_Preacher_Fire_from_Snow_Valley_Peak_FR-222_small.jpg
25-05-30 12:50:29.645 : --13--> 3_PM_Update_of_the_Preacher_Fire_from_Snow_Valley_Peak_FR-74_small.jpg
25-05-30 12:51:15.923 : --14--> A_fire_in_Nixon_Nevada_spied_upon_at_711_AM_from_Virginia_Peak_fire_camera_FR-296_small.jpg
25-05-30 12:52:12.058 : --15--> A_fire_in_Nixon_Nevada_spied_upon_at_711_AM_from_Virginia_Peak_fire_camera_FR-325_small.jpg
25-05-30 12:53:09.628 : --16--> A_fire_in_Nixon_Nevada_spied_upon_at_711_AM_from_Virginia_Peak_fire_camera_FR-350_small.jpg
25-05-30 12:54:01.986 : --17--> A_fire_in_Nixon_Nevada_spied_upon_at_711_AM_from_Virginia_Peak_fire_camera_FR-400_small.jpg
25-05-30 12:54:53.483 : --18--> A_fire_in_Nixon_Nevada_spied_upon_at_711_AM_from_Virginia_Peak_fire_camera_FR-425_small.jpg
25-05-30 12:55:44.969 : --19--> A_fire_in_Nixon_Nevada_spied_upon_at_711_AM_from_Virginia_Peak_fire_camera_FR-450_small.jpg
25-05-30 12:56:36.407 : --20--> A_fire_in_Nixon_Nevada_spied_upon_at_711_AM_from_Virginia_Peak_fire_camera_FR-500_small.jpg
25-05-30 12:57:28.092 : --21--> A_twofer_day_as_the_Ink_Fire_ignites_Atlas_227_PM_under_red_flag_conditions_FR-1400_small.jpg
25-05-30 12:58:19.945 : --22--> A_twofer_day_as_the_Ink_Fire_ignites_Atlas_227_PM_under_red_flag_conditions_FR-850_small.jpg
25-05-30 12:59:04.998 : --23--> A_view_from_Sierra_at_Tahoe_fire_camera_of_fire_near_Lodi_Ave_South_Lake_Tahoe_216_PM_FR-425_small.jpg
25-05-30 12:59:50.007 : --24--> A_view_from_Sierra_at_Tahoe_fire_camera_of_fire_near_Lodi_Ave_South_Lake_Tahoe_216_PM_FR-650_small.jpg
25-05-30 13:00:36.639 : --25--> A_view_of_the_Pyramid_Incident_fire_from_McClellan_Peak_FR-930_small.jpg
25-05-30 13:01:21.657 : --26--> An_Rx_L_and_real_R_wildfire_seen_from_Oakridge_fire_camera_at_11_AM_FR-400_small.jpg
25-05-30 13:02:06.666 : --27--> An_Rx_L_and_real_R_wildfire_seen_from_Oakridge_fire_camera_at_11_AM_FR-425_small.jpg
25-05-30 13:02:51.687 : --28--> An_Rx_L_and_real_R_wildfire_seen_from_Oakridge_fire_camera_at_11_AM_FR-475_small.jpg
25-05-30 13:03:36.705 : --29--> Angels_Roost_fire_camera_pans_to_fire_near_Lodi_Ave_near_215_PM_FR-500_small.jpg
25-05-30 13:04:21.769 : --30--> Angels_Roost_fire_camera_pans_to_fire_near_Lodi_Ave_near_215_PM_FR-600_small.jpg
25-05-30 13:05:06.839 : --31--> Angels_Roost_fire_camera_pans_to_fire_near_Lodi_Ave_near_215_PM_FR-750_small.jpg
25-05-30 13:05:51.921 : --32--> Angels_Roost_fire_camera_pans_to_fire_near_Lodi_Ave_near_215_PM_FR-775_small.jpg
25-05-30 13:06:37.756 : --33--> Another_North_Bay_fire_is_confirmed_from_the_Geyser_fire_cam_at_240_PM_FR-1098_small.jpg
25-05-30 13:07:23.109 : --34--> Another_North_Bay_fire_is_confirmed_from_the_Geyser_fire_cam_at_240_PM_FR-1220_small.jpg
25-05-30 13:08:08.267 : --35--> Bald_Mt_CA_fire_camera_confirms_fire_to_the_SW_at_11_33_AM_FR-900_small.jpg
25-05-30 13:08:54.217 : --36--> Big_Wash_Fire_confirmed_from_Virginia_fire_camera_at_123_PM_FR-750_small.jpg
25-05-30 13:09:39.703 : --37--> Brush_Fire_near_Caughlin_Ranch_at_11_AM_September_21st_2015_as_seen_from_the_NOAA_Fire_Camera_FR-600_small.jpg
25-05-30 13:10:25.221 : --38--> Brush_Fire_near_Caughlin_Ranch_at_11_AM_September_21st_2015_as_seen_from_the_NOAA_Fire_Camera_FR-725_small.jpg
25-05-30 13:11:10.715 : --39--> Brush_Fire_near_Caughlin_Ranch_at_11_AM_September_21st_2015_as_seen_from_the_NOAA_Fire_Camera_FR-775_small.jpg
25-05-30 13:11:56.119 : --40--> Brush_Fire_near_Caughlin_Ranch_at_11_AM_September_21st_2015_as_seen_from_the_NOAA_Fire_Camera_FR-800_small.jpg
25-05-30 13:12:41.571 : --41--> Brush_Fire_near_Caughlin_Ranch_at_11_AM_September_21st_2015_as_seen_from_the_NOAA_Fire_Camera_FR-825_small.jpg
25-05-30 13:13:27.006 : --42--> Brush_Fire_near_Caughlin_Ranch_at_11_AM_September_21st_2015_as_seen_from_the_NOAA_Fire_Camera_FR-875_small.jpg
25-05-30 13:14:12.539 : --43--> Brush_Fire_near_Caughlin_Ranch_at_11_AM_September_21st_2015_as_seen_from_the_NOAA_Fire_Camera_FR-900_small.jpg
25-05-30 13:14:58.028 : --44--> Brush_Fire_near_Caughlin_Ranch_at_11_AM_September_21st_2015_as_seen_from_the_NOAA_Fire_Camera_FR-930_small.jpg
25-05-30 13:15:44.371 : --45--> Farad_Fire_on_I-80_west_of_Reno_as_seen_from_Peavine_Hour_1_FR-111_small.jpg
25-05-30 13:16:30.460 : --46--> Farad_Fire_on_I-80_west_of_Reno_as_seen_from_Peavine_Hour_1_FR-148_small.jpg
25-05-30 13:17:15.881 : --47--> Farad_Fire_on_I-80_west_of_Reno_as_seen_from_Peavine_Hour_1_FR-185_small.jpg
25-05-30 13:18:01.495 : --48--> Farad_Fire_on_I-80_west_of_Reno_as_seen_from_Peavine_Hour_1_FR-625_small.jpg
25-05-30 13:18:46.656 : --49--> Fire_seen_erupting_off_of_Kingsbury_Grade_from_Sierra_at_Tahoe_2_PM_FR-1116_small.jpg
25-05-30 13:19:31.804 : --50--> Fire_seen_erupting_off_of_Kingsbury_Grade_from_Sierra_at_Tahoe_2_PM_FR-1344_small.jpg
25-05-30 13:20:16.953 : --51--> Fort_Sage_camera_spins_toward_Ironwood_Fire_at_1033_AM_FR-912_small.jpg
25-05-30 13:21:02.085 : --52--> Fort_Sage_camera_spins_toward_Ironwood_Fire_at_10_33_AM_FR-860_small.jpg
25-05-30 13:21:48.525 : --53--> Fort_Sage_camera_spins_toward_Ironwood_Fire_at_10_33_AM_FR-912_small.jpg
25-05-30 13:22:33.888 : --54--> French_Fire_discovered_from_Babbitt_Peak_at_533_PM_FR-850_small.jpg
25-05-30 13:23:19.157 : --55--> French_Fire_discovered_from_Babbitt_Peak_at_533_PM_FR-930_small.jpg
25-05-30 13:24:05.564 : --56--> French_Fire_discovered_from_Babbitt_Peak_at_533_PM_FR-992_small.jpg
25-05-30 13:24:51.842 : --57--> Hemlock_Canyon_Fire_near_Cashill_Drive_Reno_seen_from_the_Peavine_fire_camera_at_730_PM_FR-775_small.jpg
25-05-30 13:25:37.431 : --58--> Homewood_pans_into_Round_Hill_to_provide_a_different_perspective_Noon_FR-800_small.jpg
25-05-30 13:26:22.784 : --59--> NOAA_fire_camera_spins_toward_the_I-80_Fire_at_350_PM_FR-1400_small.jpg
25-05-30 13:27:08.342 : --60--> Old_395_Fire_is_viewed_early_on_by_the_Slide_fire_camera_at_1138_AM_FR-1054_small.jpg
25-05-30 13:27:53.767 : --61--> Quick_confirmation_of_the_Sycamore_Fire_from_Box_Springs_Mt_camera_at_1236_PM_FR-1100_small.jpg
25-05-30 13:28:39.295 : --62--> Quick_confirmation_of_the_Sycamore_Fire_from_Box_Springs_Mt_camera_at_1236_PM_FR-1200_small.jpg
25-05-30 13:29:25.562 : --63--> Quick_confirmation_of_the_Sycamore_Fire_from_Box_Springs_Mt_camera_at_1236_PM_FR-1300_small.jpg
25-05-30 13:30:11.237 : --64--> Quick_confirmation_of_the_Sycamore_Fire_from_Box_Springs_Mt_camera_at_1236_PM_FR-1400_small.jpg
25-05-30 13:30:56.386 : --65--> Quick_confirmation_of_the_Sycamore_Fire_from_Box_Springs_Mt_camera_at_1236_PM_FR-920_small.jpg
25-05-30 13:31:41.585 : --66--> Quick_confirmation_of_the_Sycamore_Fire_from_Box_Springs_Mt_camera_at_1236_PM_FR-975_small.jpg
25-05-30 13:32:26.803 : --67--> Residential_Fire_Earth_Song_Ln_in_Georgetown_as_seen_from_Bald_Mt_CA_fire_camera_at_6_PM_FR-296_small.jpg
25-05-30 13:33:12.078 : --68--> Rx_burn_at_Marshall_Mine_as_seen_from_Bald_Mountain_CA_at_10_46_AM_FR-1116_small.jpg
25-05-30 13:33:57.342 : --69--> Rx_burn_at_Marshall_Mine_as_seen_from_Bald_Mountain_CA_at_10_46_AM_FR-1240_small.jpg
25-05-30 13:34:43.693 : --70--> Sage_Hen_Incident_north_of_Truckee_CA_June_8th_2016_The_Run_FR-111_small.jpg
25-05-30 13:35:29.163 : --71--> Sage_Hen_Incident_north_of_Truckee_CA_June_8th_2016_The_Run_FR-222_small.jpg
25-05-30 13:36:14.293 : --72--> Sage_Hen_Incident_north_of_Truckee_CA_June_8th_2016_The_Run_FR-350_small.jpg
25-05-30 13:36:59.411 : --73--> Sage_Hen_Incident_north_of_Truckee_CA_June_8th_2016_The_Run_FR-700_small.jpg
25-05-30 13:37:45.171 : --74--> Smoke_check_fire_this_time_south_of_Bunker_Hill_Lookout_at_1217_PM_FR-600_small.jpg
25-05-30 13:38:30.252 : --75--> Smoke_from_a_fire_in_Van_Sickle_park_is_seen_at_331_PM_from_the_Sierra_at_Tahoe_fire_camera_FR-1054_small.jpg
25-05-30 13:39:15.289 : --76--> Smoke_from_a_fire_in_Van_Sickle_park_is_seen_at_331_PM_from_the_Sierra_at_Tahoe_fire_camera_FR-1240_small.jpg
25-05-30 13:40:00.323 : --77--> Smoke_from_a_fire_in_Van_Sickle_park_is_seen_at_331_PM_from_the_Sierra_at_Tahoe_fire_camera_FR-1288_small.jpg
25-05-30 13:40:45.360 : --78--> Spectrum_Incident_Fire_near_DRI_North_Reno_from_Peavine_Mt_June_10th_2016_FR-825_small.jpg
25-05-30 13:41:30.415 : --79--> Spectrum_Incident_Fire_near_DRI_North_Reno_from_Peavine_Mt_June_10th_2016_FR-875_small.jpg
25-05-30 13:42:15.435 : --80--> Spectrum_Incident_Fire_near_DRI_North_Reno_from_Peavine_Mt_June_10th_2016_FR-900_small.jpg
25-05-30 13:43:00.512 : --81--> Spectrum_Incident_Fire_near_DRI_North_Reno_from_Peavine_Mt_June_10th_2016_FR-992_small.jpg
25-05-30 13:43:45.556 : --82--> The_plume_head_from_the_Wall_Fire_near_Oroville_is_seen_from_the_Lincoln_fire_camera_at_3_PM_FR-600_small.jpg
25-05-30 13:44:30.624 : --83--> Triple_Fire_spotted_from_the_Jacks_Peak_fire_camera_at_2_PM_FR-185_small.jpg
25-05-30 13:45:15.731 : --84--> Triple_Fire_spotted_from_the_Jacks_Peak_fire_camera_at_2_PM_FR-222_small.jpg
25-05-30 13:46:08.118 : --85--> Triple_Fire_spotted_from_the_Jacks_Peak_fire_camera_at_2_PM_FR-296_small.jpg
25-05-30 13:47:06.297 : --86--> Winds_change_as_the_Evans_Fire_progresses_as_seen_from_NOAA_at_1_PM_FR-148_small.jpg
25-05-30 13:48:03.550 : --87--> Winds_change_as_the_Evans_Fire_progresses_as_seen_from_NOAA_at_1_PM_FR-37_small.jpg
